{
  "RSpec": {
    "coverage": {
      "/Users/mihir787/turing/module/bizzspot/spec/feature/user_can_visit_results_page_spec.rb": [
        1,
        null,
        1,
        1,
        1,
        1,
        1,
        null,
        null,
        1,
        null,
        1,
        null,
        1,
        null,
        1,
        null,
        1,
        null,
        null
      ],
      "/Users/mihir787/turing/module/bizzspot/spec/rails_helper.rb": [
        null,
        1,
        1,
        1,
        1,
        null,
        null,
        null,
        null,
        null,
        null,
        null,
        null,
        null,
        null,
        null,
        null,
        null,
        null,
        null,
        null,
        null,
        null,
        null,
        1,
        null,
        1,
        null,
        1,
        null,
        null,
        null,
        null,
        1,
        null,
        null,
        null,
        null,
        null,
        null,
        null,
        null,
        null,
        null,
        null,
        null,
        null,
        null,
        1,
        null
      ],
      "/Users/mihir787/turing/module/bizzspot/config/environment.rb": [
        null,
        1,
        null,
        null,
        1
      ],
      "/Users/mihir787/turing/module/bizzspot/config/application.rb": [
        1,
        null,
        1,
        null,
        null,
        null,
        1,
        null,
        1,
        1,
        null,
        null,
        null,
        null,
        null,
        null,
        null,
        null,
        null,
        null,
        null,
        null,
        null,
        1,
        null,
        null
      ],
      "/Users/mihir787/turing/module/bizzspot/config/boot.rb": [
        1,
        null,
        1
      ],
      "/Users/mihir787/turing/module/bizzspot/config/environments/test.rb": [
        1,
        null,
        null,
        null,
        null,
        null,
        null,
        1,
        null,
        null,
        null,
        null,
        1,
        null,
        null,
        1,
        1,
        null,
        null,
        1,
        1,
        null,
        null,
        1,
        null,
        null,
        1,
        null,
        null,
        null,
        null,
        1,
        null,
        null,
        1,
        null,
        null,
        1,
        null,
        null,
        null,
        null
      ],
      "/Users/mihir787/turing/module/bizzspot/config/initializers/assets.rb": [
        null,
        null,
        null,
        1,
        null,
        null,
        null,
        null,
        null,
        null,
        null
      ],
      "/Users/mihir787/turing/module/bizzspot/config/initializers/backtrace_silencers.rb": [
        null,
        null,
        null,
        null,
        null,
        null,
        null
      ],
      "/Users/mihir787/turing/module/bizzspot/config/initializers/cookies_serializer.rb": [
        null,
        null,
        1
      ],
      "/Users/mihir787/turing/module/bizzspot/config/initializers/filter_parameter_logging.rb": [
        null,
        null,
        null,
        1
      ],
      "/Users/mihir787/turing/module/bizzspot/config/initializers/inflections.rb": [
        null,
        null,
        null,
        null,
        null,
        null,
        null,
        null,
        null,
        null,
        null,
        null,
        null,
        null,
        null,
        null
      ],
      "/Users/mihir787/turing/module/bizzspot/config/initializers/mime_types.rb": [
        null,
        null,
        null,
        null
      ],
      "/Users/mihir787/turing/module/bizzspot/config/initializers/omniauth.rb": [
        1,
        null,
        1,
        1,
        null
      ],
      "/Users/mihir787/turing/module/bizzspot/config/initializers/session_store.rb": [
        null,
        null,
        1
      ],
      "/Users/mihir787/turing/module/bizzspot/config/initializers/wrap_parameters.rb": [
        null,
        null,
        null,
        null,
        null,
        null,
        1,
        1,
        null,
        null,
        null,
        null,
        null,
        null
      ],
      "/Users/mihir787/turing/module/bizzspot/config/routes.rb": [
        1,
        1,
        1,
        1,
        null,
        1,
        null,
        1,
        1,
        null,
        1,
        1,
        null,
        1,
        null,
        null,
        null,
        null,
        null
      ],
      "/Users/mihir787/turing/module/bizzspot/app/helpers/application_helper.rb": [
        1,
        null
      ],
      "/Users/mihir787/turing/module/bizzspot/app/helpers/home_helper.rb": [
        1,
        null
      ],
      "/Users/mihir787/turing/module/bizzspot/spec/models/search_spec.rb": [
        1,
        null,
        1,
        4,
        4,
        null,
        1,
        3,
        3,
        null,
        1,
        1,
        1,
        1,
        1,
        null,
        null,
        null,
        null,
        1,
        null,
        1,
        2,
        2,
        null,
        null,
        1,
        1,
        1,
        1,
        1,
        null,
        null,
        null,
        1,
        1,
        1,
        1,
        1,
        null,
        null,
        null,
        null
      ],
      "/Users/mihir787/turing/module/bizzspot/app/models/search.rb": [
        1,
        null,
        1,
        1,
        1,
        1,
        null,
        null,
        1,
        1,
        1,
        1,
        null,
        null,
        1,
        1,
        1,
        1,
        null,
        null,
        1,
        null,
        1,
        1,
        1,
        null,
        null,
        1,
        0,
        0,
        null,
        null,
        1,
        1,
        1,
        1,
        1,
        1,
        1,
        1,
        1,
        1,
        null,
        null,
        null
      ],
      "/Users/mihir787/turing/module/bizzspot/spec/services/demographic_service_spec.rb": [
        1,
        null,
        1,
        1,
        1,
        1,
        1,
        1,
        1,
        null,
        null,
        null,
        null,
        null
      ],
      "/Users/mihir787/turing/module/bizzspot/spec/services/mapbox_service_spec.rb": [
        1,
        null,
        1,
        1,
        1,
        1,
        1,
        1,
        1,
        null,
        null,
        null,
        null,
        null
      ],
      "/Users/mihir787/turing/module/bizzspot/spec/services/search_service_spec.rb": [
        1,
        null,
        1,
        1,
        1,
        1,
        1,
        1,
        1,
        null,
        null,
        null,
        null
      ],
      "/Users/mihir787/turing/module/bizzspot/spec/services/walkscore_service_spec.rb": [
        1,
        null,
        1,
        1,
        1,
        1,
        1,
        1,
        1,
        null,
        null,
        null,
        null,
        null
      ],
      "/Users/mihir787/turing/module/bizzspot/app/controllers/home_controller.rb": [
        1,
        1,
        null,
        null,
        null
      ],
      "/Users/mihir787/turing/module/bizzspot/app/controllers/application_controller.rb": [
        1,
        1,
        1,
        null,
        1,
        3,
        null,
        null
      ],
      "/Users/mihir787/turing/module/bizzspot/app/controllers/search_controller.rb": [
        1,
        1,
        null,
        1,
        null,
        null
      ],
      "/Users/mihir787/turing/module/bizzspot/app/services/mapbox_service.rb": [
        1,
        1,
        null,
        1,
        2,
        null,
        null,
        1,
        1,
        1,
        1,
        1,
        null,
        null,
        1,
        null,
        1,
        1,
        null,
        null,
        null
      ],
      "/Users/mihir787/turing/module/bizzspot/app/services/demographic_service.rb": [
        1,
        1,
        null,
        1,
        2,
        null,
        null,
        1,
        1,
        null,
        null,
        1,
        null,
        1,
        1,
        null,
        null
      ],
      "/Users/mihir787/turing/module/bizzspot/app/services/walkscore_service.rb": [
        1,
        1,
        null,
        1,
        3,
        null,
        null,
        1,
        2,
        null,
        null,
        1,
        null,
        1,
        2,
        null,
        null
      ]
    },
    "timestamp": 1435214493
  }
}
